This is pdfTeX, Version 3.1415926-1.40.10 (MiKTeX 2.8) (preloaded format=pdflatex 2010.1.31)  4 APR 2010 15:43
entering extended mode
**C:/Users/mredmond/workspace/BarraCUDA/Monthly*Papers/March*Paper/marPaper.tex

("C:/Users/mredmond/workspace/BarraCUDA/Monthly Papers/March Paper/marPaper.tex
"
LaTeX2e <2009/09/24>
Babel <v3.8l> and hyphenation patterns for english, dumylang, nohyphenation, ge
rman, ngerman, german-x-2009-06-19, ngerman-x-2009-06-19, french, loaded.

! LaTeX Error: Missing \begin{document}.

See the LaTeX manual or LaTeX Companion for explanation.
Type  H <return>  for immediate help.
 ...                                              
                                                  
l.1 s
     \documentclass[10pt]{article}
You're in trouble here.  Try typing  <return>  to proceed.
If that doesn't work, type  X <return>  to quit.

Missing character: There is no s in font nullfont!
("C:\Program Files (x86)\MiKTeX 2.8\tex\latex\base\article.cls"
Document Class: article 2007/10/19 v1.4h Standard LaTeX document class
("C:\Program Files (x86)\MiKTeX 2.8\tex\latex\base\size10.clo"
File: size10.clo 2007/10/19 v1.4h Standard LaTeX file (size option)
)
\c@part=\count79
\c@section=\count80
\c@subsection=\count81
\c@subsubsection=\count82
\c@paragraph=\count83
\c@subparagraph=\count84

Overfull \hbox (20.0pt too wide) in paragraph at lines 1--284
[]
 []

\c@figure=\count85
\c@table=\count86
\abovecaptionskip=\skip41
\belowcaptionskip=\skip42
\bibindent=\dimen102
[1{C:/ProgramData/MiKTeX/2.8/pdftex/config/pdftex.map}])
("C:\Program Files (x86)\MiKTeX 2.8\tex\latex\graphics\graphicx.sty"
Package: graphicx 1999/02/16 v1.0f Enhanced LaTeX Graphics (DPC,SPQR)

("C:\Program Files (x86)\MiKTeX 2.8\tex\latex\graphics\keyval.sty"
Package: keyval 1999/03/16 v1.13 key=value parser (DPC)
\KV@toks@=\toks14
)
("C:\Program Files (x86)\MiKTeX 2.8\tex\latex\graphics\graphics.sty"
Package: graphics 2009/02/05 v1.0o Standard LaTeX Graphics (DPC,SPQR)

("C:\Program Files (x86)\MiKTeX 2.8\tex\latex\graphics\trig.sty"
Package: trig 1999/03/16 v1.09 sin cos tan (DPC)
)
("C:\Program Files (x86)\MiKTeX 2.8\tex\latex\00miktex\graphics.cfg"
File: graphics.cfg 2007/01/18 v1.5 graphics configuration of teTeX/TeXLive
)
Package graphics Info: Driver file: pdftex.def on input line 91.

("C:\Program Files (x86)\MiKTeX 2.8\tex\latex\pdftex-def\pdftex.def"
File: pdftex.def 2009/08/25 v0.04m Graphics/color for pdfTeX
\Gread@gobject=\count87
))
\Gin@req@height=\dimen103
\Gin@req@width=\dimen104
)
("C:\Program Files (x86)\MiKTeX 2.8\tex\latex\tools\indentfirst.sty"
Package: indentfirst 1995/11/23 v1.03 Indent first paragraph (DPC)
)
("C:\Users\mredmond\workspace\BarraCUDA\Monthly Papers\March Paper\marPaper.aux
")
LaTeX Font Info:    Checking defaults for OML/cmm/m/it on input line 21.
LaTeX Font Info:    ... okay on input line 21.
LaTeX Font Info:    Checking defaults for T1/cmr/m/n on input line 21.
LaTeX Font Info:    ... okay on input line 21.
LaTeX Font Info:    Checking defaults for OT1/cmr/m/n on input line 21.
LaTeX Font Info:    ... okay on input line 21.
LaTeX Font Info:    Checking defaults for OMS/cmsy/m/n on input line 21.
LaTeX Font Info:    ... okay on input line 21.
LaTeX Font Info:    Checking defaults for OMX/cmex/m/n on input line 21.
LaTeX Font Info:    ... okay on input line 21.
LaTeX Font Info:    Checking defaults for U/cmr/m/n on input line 21.
LaTeX Font Info:    ... okay on input line 21.
 ("C:\Program Files (x86)\MiKTeX 2.8\tex\context\base\supp-pdf.tex"
[Loading MPS to PDF converter (version 2006.09.02).]
\scratchcounter=\count88
\scratchdimen=\dimen105
\scratchbox=\box26
\nofMPsegments=\count89
\nofMParguments=\count90
\everyMPshowfont=\toks15
\MPscratchCnt=\count91
\MPscratchDim=\dimen106
\MPnumerator=\count92
\everyMPtoPDFconversion=\toks16
)
LaTeX Font Info:    External font `cmex10' loaded for size
(Font)              <12> on input line 23.
LaTeX Font Info:    External font `cmex10' loaded for size
(Font)              <8> on input line 23.
LaTeX Font Info:    External font `cmex10' loaded for size
(Font)              <6> on input line 23.
 <barracuda2DScreenshot.png, id=6, 962.84718pt x 770.12718pt>
File: barracuda2DScreenshot.png Graphic file (type png)

<use barracuda2DScreenshot.png> [2

 <C:/Users/mredmond/workspace/BarraCUDA/Monthly Papers/March Paper/barracuda2DS
creenshot.png (PNG copy)>]
("C:\Users\mredmond\workspace\BarraCUDA\Monthly Papers\March Paper\marPaper.toc
"
LaTeX Font Info:    External font `cmex10' loaded for size
(Font)              <7> on input line 5.
LaTeX Font Info:    External font `cmex10' loaded for size
(Font)              <5> on input line 5.
 [3

])
\tf@toc=\write3
 [4] [5

] [6] [7

]
<graphOfPerturbMomentum.PNG, id=37, 682.55pt x 372.39125pt>
File: graphOfPerturbMomentum.PNG Graphic file (type png)

<use graphOfPerturbMomentum.PNG>
Overfull \hbox (42.15627pt too wide) in paragraph at lines 73--74
 [][] 
 []

[8

 <C:/Users/mredmond/workspace/BarraCUDA/Monthly Papers/March Paper/graphOfPertu
rbMomentum.PNG (PNG copy)>] [9] [10

]
Overfull \hbox (55.24043pt too wide) in paragraph at lines 136--136
[]\OT1/cmtt/m/n/10 [8] Intel Core i7 Specifications <http://www.intel.com/produ
cts/processor/corei7/specifications.htm>[] 
 []


Overfull \hbox (28.99066pt too wide) in paragraph at lines 136--136
[]\OT1/cmtt/m/n/10 [9] NVIDIA GTX295 Specifications <http://www.nvidia.com/obje
ct/product_geforce_gtx_295_us.html>[] 
 []


Overfull \hbox (2.74089pt too wide) in paragraph at lines 136--136
[]\OT1/cmtt/m/n/10 [10] Fiedler, Glenn. Physics in 3D. <http://gafferongames.co
m/game-physics/physics-in-3d/>[] 
 []


Overfull \hbox (2.74089pt too wide) in paragraph at lines 136--136
[]\OT1/cmtt/m/n/10 [12] CS267 Lecture Notes: 11 April 1996. Fast Hierarchical M
ethods for the N-body Problem.[] 
 []

[11] [12

] [13

]
Overfull \hbox (90.7202pt too wide) in paragraph at lines 361--361
[]\OT1/cmtt/m/n/5 g.fillOval((int) Math.round(pc.myState.position.x - pc.myStat
e.radius), (int) Math.round(pc.myState.position.y - pc.myState.radius), (int) M
ath.round(2*pc.myState.radius), (int) Math.round(2*pc.myState.radius));[] 
 []


Overfull \hbox (111.97044pt too wide) in paragraph at lines 361--361
[]\OT1/cmtt/m/n/5 g.drawLine((int) Math.round(pc.myState.position.x), (int) Mat
h.round(pc.myState.position.y), (int) Math.round(pc.myState.position.x + pc.myS
tate.efield.x), (int) Math.round(pc.myState.position.y + pc.myState.efield.y));
[] 
 []


Overfull \hbox (122.59557pt too wide) in paragraph at lines 361--361
[]\OT1/cmtt/m/n/5 g.drawLine((int) Math.round(pc.myState.position.x), (int) Mat
h.round(pc.myState.position.y), (int) Math.round(pc.myState.position.x + pc.myS
tate.momentum.x), (int) Math.round(pc.myState.position.y + pc.myState.momentum.
y));[] 
 []

[14] [15] [16

] [17

] [18] [19

] [20] [21] [22] [23] [24] [25] [26]
LaTeX Font Info:    External font `cmex10' loaded for size
(Font)              <9> on input line 1283.
 [27

] [28]
[29

]
("C:\Users\mredmond\workspace\BarraCUDA\Monthly Papers\March Paper\marPaper.aux
") ) 
Here is how much of TeX's memory you used:
 945 strings out of 495285
 12728 string characters out of 3179869
 67149 words of memory out of 3000000
 4178 multiletter control sequences out of 15000+200000
 9311 words of font info for 34 fonts, out of 3000000 for 9000
 14 hyphenation exceptions out of 8191
 25i,7n,21p,1971b,248s stack positions out of 5000i,500n,10000p,200000b,50000s
<C:/Program Files (x86)/MiKTeX 2.8/fonts/type1/public/amsfonts/cm/cmbx10.pf
b><C:/Program Files (x86)/MiKTeX 2.8/fonts/type1/public/amsfonts/cm/cmbx12.pfb>
<C:/Program Files (x86)/MiKTeX 2.8/fonts/type1/public/amsfonts/cm/cmex10.pfb><C
:/Program Files (x86)/MiKTeX 2.8/fonts/type1/public/amsfonts/cm/cmmi10.pfb><C:/
Program Files (x86)/MiKTeX 2.8/fonts/type1/public/amsfonts/cm/cmmi12.pfb><C:/Pr
ogram Files (x86)/MiKTeX 2.8/fonts/type1/public/amsfonts/cm/cmmi6.pfb><C:/Progr
am Files (x86)/MiKTeX 2.8/fonts/type1/public/amsfonts/cm/cmmi7.pfb><C:/Program 
Files (x86)/MiKTeX 2.8/fonts/type1/public/amsfonts/cm/cmr10.pfb><C:/Program Fil
es (x86)/MiKTeX 2.8/fonts/type1/public/amsfonts/cm/cmr12.pfb><C:/Program Files 
(x86)/MiKTeX 2.8/fonts/type1/public/amsfonts/cm/cmr17.pfb><C:/Program Files (x8
6)/MiKTeX 2.8/fonts/type1/public/amsfonts/cm/cmr5.pfb><C:/Program Files (x86)/M
iKTeX 2.8/fonts/type1/public/amsfonts/cm/cmr6.pfb><C:/Program Files (x86)/MiKTe
X 2.8/fonts/type1/public/amsfonts/cm/cmr7.pfb><C:/Program Files (x86)/MiKTeX 2.
8/fonts/type1/public/amsfonts/cm/cmr8.pfb><C:/Program Files (x86)/MiKTeX 2.8/fo
nts/type1/public/amsfonts/cm/cmr9.pfb><C:/Program Files (x86)/MiKTeX 2.8/fonts/
type1/public/amsfonts/cm/cmsy10.pfb><C:/Program Files (x86)/MiKTeX 2.8/fonts/ty
pe1/public/amsfonts/cm/cmsy7.pfb><C:/Program Files (x86)/MiKTeX 2.8/fonts/type1
/public/amsfonts/cm/cmsy9.pfb><C:/Program Files (x86)/MiKTeX 2.8/fonts/type1/pu
blic/amsfonts/cm/cmtt10.pfb><C:/Program Files (x86)/MiKTeX 2.8/fonts/type1/publ
ic/amsfonts/cm/cmtt8.pfb>
Output written on marPaper.pdf (29 pages, 388320 bytes).
PDF statistics:
 177 PDF objects out of 1000 (max. 8388607)
 0 named destinations out of 1000 (max. 500000)
 11 words of extra memory for PDF output out of 10000 (max. 10000000)

