This is pdfTeX, Version 3.1415926-1.40.10 (MiKTeX 2.8) (preloaded format=pdflatex 2010.1.31)  5 MAR 2010 00:00
entering extended mode
**C:/Users/mredmond/workspace/BarraCUDA/Monthly*Papers/February*Paper/febPaper.
tex

("C:/Users/mredmond/workspace/BarraCUDA/Monthly Papers/February Paper/febPaper.
tex"
LaTeX2e <2009/09/24>
Babel <v3.8l> and hyphenation patterns for english, dumylang, nohyphenation, ge
rman, ngerman, german-x-2009-06-19, ngerman-x-2009-06-19, french, loaded.
("C:\Program Files (x86)\MiKTeX 2.8\tex\latex\base\article.cls"
Document Class: article 2007/10/19 v1.4h Standard LaTeX document class
("C:\Program Files (x86)\MiKTeX 2.8\tex\latex\base\size10.clo"
File: size10.clo 2007/10/19 v1.4h Standard LaTeX file (size option)
)
\c@part=\count79
\c@section=\count80
\c@subsection=\count81
\c@subsubsection=\count82
\c@paragraph=\count83
\c@subparagraph=\count84
\c@figure=\count85
\c@table=\count86
\abovecaptionskip=\skip41
\belowcaptionskip=\skip42
\bibindent=\dimen102
)
("C:\Program Files (x86)\MiKTeX 2.8\tex\latex\graphics\graphicx.sty"
Package: graphicx 1999/02/16 v1.0f Enhanced LaTeX Graphics (DPC,SPQR)

("C:\Program Files (x86)\MiKTeX 2.8\tex\latex\graphics\keyval.sty"
Package: keyval 1999/03/16 v1.13 key=value parser (DPC)
\KV@toks@=\toks14
)
("C:\Program Files (x86)\MiKTeX 2.8\tex\latex\graphics\graphics.sty"
Package: graphics 2009/02/05 v1.0o Standard LaTeX Graphics (DPC,SPQR)

("C:\Program Files (x86)\MiKTeX 2.8\tex\latex\graphics\trig.sty"
Package: trig 1999/03/16 v1.09 sin cos tan (DPC)
)
("C:\Program Files (x86)\MiKTeX 2.8\tex\latex\00miktex\graphics.cfg"
File: graphics.cfg 2007/01/18 v1.5 graphics configuration of teTeX/TeXLive
)
Package graphics Info: Driver file: pdftex.def on input line 91.

("C:\Program Files (x86)\MiKTeX 2.8\tex\latex\pdftex-def\pdftex.def"
File: pdftex.def 2009/08/25 v0.04m Graphics/color for pdfTeX
\Gread@gobject=\count87
))
\Gin@req@height=\dimen103
\Gin@req@width=\dimen104
)
("C:\Program Files (x86)\MiKTeX 2.8\tex\latex\tools\indentfirst.sty"
Package: indentfirst 1995/11/23 v1.03 Indent first paragraph (DPC)
)
("C:\Users\mredmond\workspace\BarraCUDA\Monthly Papers\February Paper\febPaper.
aux")
LaTeX Font Info:    Checking defaults for OML/cmm/m/it on input line 21.
LaTeX Font Info:    ... okay on input line 21.
LaTeX Font Info:    Checking defaults for T1/cmr/m/n on input line 21.
LaTeX Font Info:    ... okay on input line 21.
LaTeX Font Info:    Checking defaults for OT1/cmr/m/n on input line 21.
LaTeX Font Info:    ... okay on input line 21.
LaTeX Font Info:    Checking defaults for OMS/cmsy/m/n on input line 21.
LaTeX Font Info:    ... okay on input line 21.
LaTeX Font Info:    Checking defaults for OMX/cmex/m/n on input line 21.
LaTeX Font Info:    ... okay on input line 21.
LaTeX Font Info:    Checking defaults for U/cmr/m/n on input line 21.
LaTeX Font Info:    ... okay on input line 21.
 ("C:\Program Files (x86)\MiKTeX 2.8\tex\context\base\supp-pdf.tex"
[Loading MPS to PDF converter (version 2006.09.02).]
\scratchcounter=\count88
\scratchdimen=\dimen105
\scratchbox=\box26
\nofMPsegments=\count89
\nofMParguments=\count90
\everyMPshowfont=\toks15
\MPscratchCnt=\count91
\MPscratchDim=\dimen106
\MPnumerator=\count92
\everyMPtoPDFconversion=\toks16
)
LaTeX Font Info:    External font `cmex10' loaded for size
(Font)              <12> on input line 22.
LaTeX Font Info:    External font `cmex10' loaded for size
(Font)              <8> on input line 22.
LaTeX Font Info:    External font `cmex10' loaded for size
(Font)              <6> on input line 22.

("C:\Users\mredmond\workspace\BarraCUDA\Monthly Papers\February Paper\febPaper.
toc"
LaTeX Font Info:    External font `cmex10' loaded for size
(Font)              <7> on input line 4.
LaTeX Font Info:    External font `cmex10' loaded for size
(Font)              <5> on input line 4.
 [1

{C:/ProgramData/MiKTeX/2.8/pdftex/config/pdftex.map}])
\tf@toc=\write3

<barracuda2DScreenshot.png, id=10, 962.84718pt x 770.12718pt>
File: barracuda2DScreenshot.png Graphic file (type png)

<use barracuda2DScreenshot.png> [2 <C:/Users/mredmond/workspace/BarraCUDA/Month
ly Papers/February Paper/barracuda2DScreenshot.png (PNG copy)>]
Overfull \hbox (8.01334pt too wide) in paragraph at lines 37--38
\OT1/cmr/m/n/10 cal re-search. A small sam-ple of these prob-lems can be found 
at http://www.nvidia.com/object/cudahome.html,
 []

[3

] [4] [5

] <graphOfPerturbMomentum.PNG, id=30, 682.55pt x 372.39125pt>
File: graphOfPerturbMomentum.PNG Graphic file (type png)

<use graphOfPerturbMomentum.PNG>
Overfull \hbox (42.15627pt too wide) in paragraph at lines 69--70
 [][] 
 []

[6

 <C:/Users/mredmond/workspace/BarraCUDA/Monthly Papers/February Paper/graphOfPe
rturbMomentum.PNG (PNG copy)>] [7] [8

]
Overfull \hbox (49.99048pt too wide) in paragraph at lines 121--121
[]\OT1/cmtt/m/n/10 [5] Intel Corei7 Specifications <http://www.intel.com/produc
ts/processor/corei7/specifications.htm>[] 
 []


Overfull \hbox (28.99066pt too wide) in paragraph at lines 121--121
[]\OT1/cmtt/m/n/10 [6] NVIDIA GTX295 Specifications <http://www.nvidia.com/obje
ct/product_geforce_gtx_295_us.html>[] 
 []

[9] [10

]
Overfull \hbox (90.7202pt too wide) in paragraph at lines 344--344
[]\OT1/cmtt/m/n/5 g.fillOval((int) Math.round(pc.myState.position.x - pc.myStat
e.radius), (int) Math.round(pc.myState.position.y - pc.myState.radius), (int) M
ath.round(2*pc.myState.radius), (int) Math.round(2*pc.myState.radius));[] 
 []


Overfull \hbox (111.97044pt too wide) in paragraph at lines 344--344
[]\OT1/cmtt/m/n/5 g.drawLine((int) Math.round(pc.myState.position.x), (int) Mat
h.round(pc.myState.position.y), (int) Math.round(pc.myState.position.x + pc.myS
tate.efield.x), (int) Math.round(pc.myState.position.y + pc.myState.efield.y));
[] 
 []


Overfull \hbox (122.59557pt too wide) in paragraph at lines 344--344
[]\OT1/cmtt/m/n/5 g.drawLine((int) Math.round(pc.myState.position.x), (int) Mat
h.round(pc.myState.position.y), (int) Math.round(pc.myState.position.x + pc.myS
tate.momentum.x), (int) Math.round(pc.myState.position.y + pc.myState.momentum.
y));[] 
 []

[11] [12] [13

] [14] [15] [16] [17] [18] [19] [20] [21]
LaTeX Font Info:    External font `cmex10' loaded for size
(Font)              <9> on input line 1190.
 [22

] [23]
("C:\Users\mredmond\workspace\BarraCUDA\Monthly Papers\February Paper\febPaper.
aux") ) 
Here is how much of TeX's memory you used:
 945 strings out of 495285
 12755 string characters out of 3179869
 66159 words of memory out of 3000000
 4178 multiletter control sequences out of 15000+200000
 9311 words of font info for 34 fonts, out of 3000000 for 9000
 14 hyphenation exceptions out of 8191
 25i,6n,21p,1987b,248s stack positions out of 5000i,500n,10000p,200000b,50000s
<C:/Program Files (x86)/MiKTeX 2.8/fonts/type1/public/amsfonts/cm/cmbx10
.pfb><C:/Program Files (x86)/MiKTeX 2.8/fonts/type1/public/amsfonts/cm/cmbx12.p
fb><C:/Program Files (x86)/MiKTeX 2.8/fonts/type1/public/amsfonts/cm/cmex10.pfb
><C:/Program Files (x86)/MiKTeX 2.8/fonts/type1/public/amsfonts/cm/cmmi10.pfb><
C:/Program Files (x86)/MiKTeX 2.8/fonts/type1/public/amsfonts/cm/cmmi12.pfb><C:
/Program Files (x86)/MiKTeX 2.8/fonts/type1/public/amsfonts/cm/cmmi6.pfb><C:/Pr
ogram Files (x86)/MiKTeX 2.8/fonts/type1/public/amsfonts/cm/cmmi7.pfb><C:/Progr
am Files (x86)/MiKTeX 2.8/fonts/type1/public/amsfonts/cm/cmr10.pfb><C:/Program 
Files (x86)/MiKTeX 2.8/fonts/type1/public/amsfonts/cm/cmr12.pfb><C:/Program Fil
es (x86)/MiKTeX 2.8/fonts/type1/public/amsfonts/cm/cmr17.pfb><C:/Program Files 
(x86)/MiKTeX 2.8/fonts/type1/public/amsfonts/cm/cmr5.pfb><C:/Program Files (x86
)/MiKTeX 2.8/fonts/type1/public/amsfonts/cm/cmr6.pfb><C:/Program Files (x86)/Mi
KTeX 2.8/fonts/type1/public/amsfonts/cm/cmr7.pfb><C:/Program Files (x86)/MiKTeX
 2.8/fonts/type1/public/amsfonts/cm/cmr8.pfb><C:/Program Files (x86)/MiKTeX 2.8
/fonts/type1/public/amsfonts/cm/cmr9.pfb><C:/Program Files (x86)/MiKTeX 2.8/fon
ts/type1/public/amsfonts/cm/cmsy10.pfb><C:/Program Files (x86)/MiKTeX 2.8/fonts
/type1/public/amsfonts/cm/cmsy7.pfb><C:/Program Files (x86)/MiKTeX 2.8/fonts/ty
pe1/public/amsfonts/cm/cmsy9.pfb><C:/Program Files (x86)/MiKTeX 2.8/fonts/type1
/public/amsfonts/cm/cmtt10.pfb><C:/Program Files (x86)/MiKTeX 2.8/fonts/type1/p
ublic/amsfonts/cm/cmtt8.pfb>
Output written on febPaper.pdf (23 pages, 377260 bytes).
PDF statistics:
 158 PDF objects out of 1000 (max. 8388607)
 0 named destinations out of 1000 (max. 500000)
 11 words of extra memory for PDF output out of 10000 (max. 10000000)

